<?xml version="1.0" encoding="UTF-8"?>
<robot generator="Robot 5.0.1 (Python 3.8.10 on linux)" generated="20221206 17:30:37.079" rpa="false" schemaversion="3">
<suite id="s1" name="Viewproduct" source="/home/ng/quatrogrocer-qa-drc/AutomationTestScript/ViewProduct/viewproduct.robot">
<test id="s1-t1" name="Open Quatro Grocer Shopping App &amp; View Product" line="11">
<kw name="Open Application" library="viewproductResource" type="SETUP">
<kw name="Open Browser" library="SeleniumLibrary">
<arg>${ApplicationURL}</arg>
<arg>${Browser}</arg>
<doc>Opens a new browser instance to the optional ``url``.</doc>
<msg timestamp="20221206 17:30:37.163" level="INFO">Opening browser 'Chrome' to base url 'https://www.quatrogrocer.one/'.</msg>
<status status="PASS" starttime="20221206 17:30:37.163" endtime="20221206 17:30:38.340"/>
</kw>
<kw name="Title Should Be" library="SeleniumLibrary">
<arg>${ApplicationTitle}</arg>
<doc>Verifies that the current page title equals ``title``.</doc>
<msg timestamp="20221206 17:30:38.344" level="INFO">Page title is 'QuatroGrocer Shopping App'.</msg>
<status status="PASS" starttime="20221206 17:30:38.340" endtime="20221206 17:30:38.344"/>
</kw>
<kw name="Maximize Browser Window" library="SeleniumLibrary">
<doc>Maximizes current browser window.</doc>
<status status="PASS" starttime="20221206 17:30:38.344" endtime="20221206 17:30:38.447"/>
</kw>
<status status="PASS" starttime="20221206 17:30:37.163" endtime="20221206 17:30:38.448"/>
</kw>
<kw name="Direct to Login Page" library="viewproductResource">
<kw name="Wait Until Page Contains Element" library="SeleniumLibrary">
<arg>${todayTopDealsForm}</arg>
<arg>30</arg>
<doc>Waits until the element ``locator`` appears on the current page.</doc>
<status status="PASS" starttime="20221206 17:30:38.449" endtime="20221206 17:30:38.463"/>
</kw>
<kw name="Wait Until Element Is Visible" library="SeleniumLibrary">
<arg>${productCard}</arg>
<arg>30</arg>
<doc>Waits until the element ``locator`` is visible.</doc>
<status status="PASS" starttime="20221206 17:30:38.463" endtime="20221206 17:30:38.497"/>
</kw>
<kw name="Click Element" library="SeleniumLibrary">
<arg>${productCard}</arg>
<doc>Click the element identified by ``locator``.</doc>
<msg timestamp="20221206 17:30:38.498" level="INFO">Clicking element '//div[contains(@class,"vertical-card-container")]//*[text()='Mineral Water']'.</msg>
<status status="PASS" starttime="20221206 17:30:38.498" endtime="20221206 17:30:38.554"/>
</kw>
<kw name="Wait Until Location Is" library="SeleniumLibrary">
<arg>${LoginPageURL}</arg>
<arg>30</arg>
<doc>Waits until the current URL is ``expected``.</doc>
<status status="PASS" starttime="20221206 17:30:38.554" endtime="20221206 17:30:38.597"/>
</kw>
<status status="PASS" starttime="20221206 17:30:38.448" endtime="20221206 17:30:38.597"/>
</kw>
<kw name="User Login" library="viewproductResource">
<kw name="Wait Until Page Contains Element" library="SeleniumLibrary">
<arg>${loginForm}</arg>
<arg>30</arg>
<doc>Waits until the element ``locator`` appears on the current page.</doc>
<status status="PASS" starttime="20221206 17:30:38.598" endtime="20221206 17:30:38.612"/>
</kw>
<kw name="Click Element" library="SeleniumLibrary">
<arg>${inputEmail}</arg>
<doc>Click the element identified by ``locator``.</doc>
<msg timestamp="20221206 17:30:38.613" level="INFO">Clicking element '//input[@type='email']'.</msg>
<status status="PASS" starttime="20221206 17:30:38.612" endtime="20221206 17:30:38.673"/>
</kw>
<kw name="Input Text" library="SeleniumLibrary">
<arg>${inputEmail}</arg>
<arg>junyuan99@gmail.com</arg>
<doc>Types the given ``text`` into the text field identified by ``locator``.</doc>
<msg timestamp="20221206 17:30:38.673" level="INFO">Typing text 'junyuan99@gmail.com' into text field '//input[@type='email']'.</msg>
<status status="PASS" starttime="20221206 17:30:38.673" endtime="20221206 17:30:38.762"/>
</kw>
<kw name="Click Element" library="SeleniumLibrary">
<arg>${inputPassword}</arg>
<doc>Click the element identified by ``locator``.</doc>
<msg timestamp="20221206 17:30:38.762" level="INFO">Clicking element '//input[@type='password']'.</msg>
<status status="PASS" starttime="20221206 17:30:38.762" endtime="20221206 17:30:38.796"/>
</kw>
<kw name="Input Password" library="SeleniumLibrary">
<arg>${inputPassword}</arg>
<arg>Abc1234567890!</arg>
<doc>Types the given password into the text field identified by ``locator``.</doc>
<msg timestamp="20221206 17:30:38.796" level="INFO">Typing password into text field '//input[@type='password']'.</msg>
<msg timestamp="20221206 17:30:38.816" level="INFO">Temporally setting log level to: NONE</msg>
<msg timestamp="20221206 17:30:38.853" level="INFO">Log level changed from NONE to INFO.</msg>
<status status="PASS" starttime="20221206 17:30:38.796" endtime="20221206 17:30:38.853"/>
</kw>
<kw name="Click Element" library="SeleniumLibrary">
<arg>${loginButton}</arg>
<doc>Click the element identified by ``locator``.</doc>
<msg timestamp="20221206 17:30:38.853" level="INFO">Clicking element '//button[@class='login-btn']'.</msg>
<status status="PASS" starttime="20221206 17:30:38.853" endtime="20221206 17:30:38.882"/>
</kw>
<kw name="Wait Until Page Contains Element" library="SeleniumLibrary">
<arg>${productDetailsContainer}</arg>
<arg>10</arg>
<doc>Waits until the element ``locator`` appears on the current page.</doc>
<status status="PASS" starttime="20221206 17:30:38.882" endtime="20221206 17:30:39.311"/>
</kw>
<kw name="Sleep" library="BuiltIn">
<arg>2</arg>
<doc>Pauses the test executed for the given time.</doc>
<msg timestamp="20221206 17:30:41.312" level="INFO">Slept 2 seconds</msg>
<status status="PASS" starttime="20221206 17:30:39.311" endtime="20221206 17:30:41.312"/>
</kw>
<status status="PASS" starttime="20221206 17:30:38.598" endtime="20221206 17:30:41.312"/>
</kw>
<kw name="Close Application" library="viewproductResource" type="TEARDOWN">
<kw name="Close Browser" library="SeleniumLibrary">
<doc>Closes the current browser.</doc>
<status status="PASS" starttime="20221206 17:30:41.313" endtime="20221206 17:30:41.372"/>
</kw>
<status status="PASS" starttime="20221206 17:30:41.313" endtime="20221206 17:30:41.372"/>
</kw>
<status status="PASS" starttime="20221206 17:30:37.162" endtime="20221206 17:30:41.372"/>
</test>
<doc>A Test Case For View Product</doc>
<status status="PASS" starttime="20221206 17:30:37.080" endtime="20221206 17:30:41.374"/>
</suite>
<statistics>
<total>
<stat pass="1" fail="0" skip="0">All Tests</stat>
</total>
<tag>
</tag>
<suite>
<stat pass="1" fail="0" skip="0" id="s1" name="Viewproduct">Viewproduct</stat>
</suite>
</statistics>
<errors>
</errors>
</robot>
