<?xml version="1.0" encoding="UTF-8"?>
<robot generator="Robot 6.0.1 (Python 3.9.12 on linux)" generated="20221201 02:15:17.300" rpa="false" schemaversion="3">
<suite id="s1" name="Test" source="/home/lim/quatrogrocer-qa-drc/AutomationTestScript/test.robot">
<test id="s1-t1" name="Open QuatroGrocer &amp; Verify QuatroGrocer" line="11">
<kw name="Open Application" library="resource" type="SETUP">
<kw name="Open Browser" library="SeleniumLibrary">
<arg>${ApplicationURL}</arg>
<arg>${Browser}</arg>
<doc>Opens a new browser instance to the optional ``url``.</doc>
<msg timestamp="20221201 02:15:17.397" level="INFO">Opening browser 'Chrome' to base url 'https://www.quatrogrocer.one/'.</msg>
<status status="PASS" starttime="20221201 02:15:17.397" endtime="20221201 02:15:18.585"/>
</kw>
<kw name="Maximize Browser Window" library="SeleniumLibrary">
<doc>Maximizes current browser window.</doc>
<status status="PASS" starttime="20221204 15:18:37.545" endtime="20221204 15:18:37.652"/>
</kw>
<status status="PASS" starttime="20221204 15:18:35.394" endtime="20221204 15:18:37.653"/>
</kw>
<kw name="Verify Page Contains" library="resource">
<kw name="Title Should Be" library="SeleniumLibrary">
<arg>QuatroGrocer Shopping App</arg>
<doc>Verifies that the current page title equals ``title``.</doc>
<msg timestamp="20221201 02:15:18.698" level="INFO">Page title is 'QuatroGrocer Shopping App'.</msg>
<status status="PASS" starttime="20221201 02:15:18.690" endtime="20221201 02:15:18.698"/>
</kw>
<kw name="Wait Until Element Is Visible" library="SeleniumLibrary">
<arg>//*[@class="home-header-content"]//button</arg>
<doc>Waits until the element ``locator`` is visible.</doc>
<status status="PASS" starttime="20221201 02:15:18.699" endtime="20221201 02:15:18.807"/>
</kw>
<kw name="Click Element" library="SeleniumLibrary">
<arg>//*[@class="home-header-content"]//button</arg>
<doc>Click the element identified by ``locator``.</doc>
<msg timestamp="20221201 02:15:18.808" level="INFO">Clicking element '//*[@class="home-header-content"]//button'.</msg>
<status status="PASS" starttime="20221201 02:15:18.807" endtime="20221201 02:15:18.880"/>
</kw>
<kw name="Wait Until Location Is" library="SeleniumLibrary">
<arg>https://www.quatrogrocer.one/marketplace</arg>
<doc>Waits until the current URL is ``expected``.</doc>
<status status="PASS" starttime="20221201 02:15:18.880" endtime="20221201 02:15:18.885"/>
</kw>
<kw name="Input Text" library="SeleniumLibrary">
<arg>${inputDateOfBirth}</arg>
<arg>04112000</arg>
<doc>Types the given ``text`` into the text field identified by ``locator``.</doc>
<msg timestamp="20221204 04:12:00.952" level="INFO">Typing text '04112000' into text field '//input[@id=':r1:']'.</msg>
<status status="PASS" starttime="20221204 04:12:00.952" endtime="20221204 04:12:01.090"/>
</kw>
<status status="PASS" starttime="20221204 04:11:59.631" endtime="20221204 04:12:01.091"/>
</kw>
<status status="PASS" starttime="20221204 04:11:52.356" endtime="20221204 04:12:01.091"/>
</test>
<doc>A test suite for valid login</doc>
<status status="PASS" starttime="20221201 02:15:17.301" endtime="20221201 02:15:18.898"/>
</suite>
<statistics>
<total>
<stat pass="1" fail="0" skip="0">All Tests</stat>
</total>
<tag>
</tag>
<suite>
<stat pass="1" fail="0" skip="0" id="s1" name="Login">Login</stat>
</suite>
</statistics>
<errors>
</errors>
</robot>
