<?xml version="1.0" encoding="UTF-8"?>
<robot generator="Robot 5.0.1 (Python 3.8.10 on linux)" generated="20221204 14:42:36.717" rpa="false" schemaversion="3">
<suite id="s1" name="Signup" source="/home/ng/quatrogrocer-qa-drc/AutomationTestScript/signup.robot">
<test id="s1-t1" name="Open QuatroGrocer &amp; Verify QuatroGrocer Sign Up" line="10">
<kw name="Open Application" library="resource" type="SETUP">
<kw name="Open Browser" library="SeleniumLibrary">
<arg>${ApplicationURL}</arg>
<arg>${Browser}</arg>
<doc>Opens a new browser instance to the optional ``url``.</doc>
<msg timestamp="20221204 14:42:36.850" level="INFO">Opening browser 'Chrome' to base url 'http://localhost:3000/'.</msg>
<status status="PASS" starttime="20221204 14:42:36.850" endtime="20221204 14:42:48.731"/>
</kw>
<kw name="Maximize Browser Window" library="SeleniumLibrary">
<doc>Maximizes current browser window.</doc>
<status status="PASS" starttime="20221204 14:42:48.732" endtime="20221204 14:42:48.843"/>
</kw>
<status status="PASS" starttime="20221204 14:42:36.850" endtime="20221204 14:42:48.844"/>
</kw>
<kw name="Redirect Unregistered User To Login" library="resource">
<kw name="Title Should Be" library="SeleniumLibrary">
<arg>QuatroGrocer Shopping App</arg>
<doc>Verifies that the current page title equals ``title``.</doc>
<msg timestamp="20221204 14:42:48.854" level="INFO">Page title is 'QuatroGrocer Shopping App'.</msg>
<status status="PASS" starttime="20221204 14:42:48.845" endtime="20221204 14:42:48.854"/>
</kw>
<kw name="Wait Until Element Is Visible" library="SeleniumLibrary">
<arg>//*[@class="home-header"]</arg>
<arg>10</arg>
<doc>Waits until the element ``locator`` is visible.</doc>
<status status="PASS" starttime="20221204 14:42:48.854" endtime="20221204 14:42:49.119"/>
</kw>
<kw name="Page Should Contain Element" library="SeleniumLibrary">
<arg>//div[@class="today-top-deals-product"]</arg>
<arg>10</arg>
<doc>Verifies that element ``locator`` is found on the current page.</doc>
<msg timestamp="20221204 14:42:49.153" level="INFO">Current page contains element '//div[@class="today-top-deals-product"]'.</msg>
<status status="PASS" starttime="20221204 14:42:49.120" endtime="20221204 14:42:49.153"/>
</kw>
<kw name="Click Button" library="SeleniumLibrary">
<arg>//button[@class="add-to-cart-btn"]</arg>
<doc>Clicks the button identified by ``locator``.</doc>
<msg timestamp="20221204 14:42:49.153" level="INFO">Clicking button '//button[@class="add-to-cart-btn"]'.</msg>
<status status="PASS" starttime="20221204 14:42:49.153" endtime="20221204 14:42:49.402"/>
</kw>
<status status="PASS" starttime="20221204 14:42:48.844" endtime="20221204 14:42:49.402"/>
</kw>
<kw name="Create Account" library="resource">
<kw name="Title Should Be" library="SeleniumLibrary">
<arg>QuatroGrocer Shopping App</arg>
<doc>Verifies that the current page title equals ``title``.</doc>
<msg timestamp="20221204 14:42:49.418" level="INFO">Page title is 'QuatroGrocer Shopping App'.</msg>
<status status="PASS" starttime="20221204 14:42:49.402" endtime="20221204 14:42:49.418"/>
</kw>
<kw name="Page Should Contain Element" library="SeleniumLibrary">
<arg>//*[@class="login-container"]</arg>
<arg>5</arg>
<doc>Verifies that element ``locator`` is found on the current page.</doc>
<msg timestamp="20221204 14:42:49.428" level="INFO">Current page contains element '//*[@class="login-container"]'.</msg>
<status status="PASS" starttime="20221204 14:42:49.418" endtime="20221204 14:42:49.428"/>
</kw>
<kw name="Wait Until Element Is Visible" library="SeleniumLibrary">
<arg>//*[@class="login-container"]</arg>
<arg>5</arg>
<doc>Waits until the element ``locator`` is visible.</doc>
<status status="PASS" starttime="20221204 14:42:49.428" endtime="20221204 14:42:49.443"/>
</kw>
<kw name="Click Element" library="SeleniumLibrary">
<arg>//*[@class="signup-link"]</arg>
<doc>Click the element identified by ``locator``.</doc>
<msg timestamp="20221204 14:42:49.443" level="INFO">Clicking element '//*[@class="signup-link"]'.</msg>
<status status="PASS" starttime="20221204 14:42:49.443" endtime="20221204 14:42:49.537"/>
</kw>
<kw name="Sleep" library="BuiltIn">
<arg>2</arg>
<doc>Pauses the test executed for the given time.</doc>
<msg timestamp="20221204 14:42:51.540" level="INFO">Slept 2 seconds</msg>
<status status="PASS" starttime="20221204 14:42:49.537" endtime="20221204 14:42:51.541"/>
</kw>
<status status="PASS" starttime="20221204 14:42:49.402" endtime="20221204 14:42:51.542"/>
</kw>
<kw name="Verify Sign Up Page Contains" library="resource">
<kw name="Page Should Contain Element" library="SeleniumLibrary">
<arg>//div[@class="sign-up-container-content"]</arg>
<arg>5</arg>
<doc>Verifies that element ``locator`` is found on the current page.</doc>
<msg timestamp="20221204 14:42:51.649" level="INFO">Current page contains element '//div[@class="sign-up-container-content"]'.</msg>
<status status="PASS" starttime="20221204 14:42:51.543" endtime="20221204 14:42:51.650"/>
</kw>
<kw name="Wait Until Element Is Visible" library="SeleniumLibrary">
<arg>//div[@class="sign-up-container-content"]</arg>
<arg>5</arg>
<doc>Waits until the element ``locator`` is visible.</doc>
<status status="PASS" starttime="20221204 14:42:51.650" endtime="20221204 14:42:51.675"/>
</kw>
<status status="PASS" starttime="20221204 14:42:51.542" endtime="20221204 14:42:51.675"/>
</kw>
<kw name="Close Application" library="resource" type="TEARDOWN">
<kw name="Close Browser" library="SeleniumLibrary">
<doc>Closes the current browser.</doc>
<status status="PASS" starttime="20221204 14:42:51.676" endtime="20221204 14:42:51.748"/>
</kw>
<status status="PASS" starttime="20221204 14:42:51.675" endtime="20221204 14:42:51.748"/>
</kw>
<status status="PASS" starttime="20221204 14:42:36.849" endtime="20221204 14:42:51.749"/>
</test>
<doc>A test suite for valid login</doc>
<status status="PASS" starttime="20221204 14:42:36.718" endtime="20221204 14:42:51.751"/>
</suite>
<statistics>
<total>
<stat pass="1" fail="0" skip="0">All Tests</stat>
</total>
<tag>
</tag>
<suite>
<stat pass="1" fail="0" skip="0" id="s1" name="Signup">Signup</stat>
</suite>
</statistics>
<errors>
</errors>
</robot>
