<?xml version="1.0" encoding="UTF-8"?>
<robot generator="Robot 5.0.1 (Python 3.8.10 on linux)" generated="20221206 11:24:19.022" rpa="false" schemaversion="3">
<suite id="s1" name="Login" source="/home/ng/quatrogrocer-qa-drc/AutomationTestScript/Login/login.robot">
<test id="s1-t1" name="Open QuatroGrocer &amp; Verify QuatroGrocer Login" line="10">
<kw name="Open Application" library="loginResource" type="SETUP">
<kw name="Open Browser" library="SeleniumLibrary">
<arg>${ApplicationURL}</arg>
<arg>Chrome</arg>
<doc>Opens a new browser instance to the optional ``url``.</doc>
<msg timestamp="20221206 11:24:19.116" level="INFO">Opening browser 'Chrome' to base url 'https://www.quatrogrocer.one/'.</msg>
<status status="PASS" starttime="20221206 11:24:19.116" endtime="20221206 11:24:20.621"/>
</kw>
<kw name="Title Should Be" library="SeleniumLibrary">
<arg>${ApplicationTitle}</arg>
<doc>Verifies that the current page title equals ``title``.</doc>
<msg timestamp="20221206 11:24:20.633" level="INFO">Page title is 'QuatroGrocer Shopping App'.</msg>
<status status="PASS" starttime="20221206 11:24:20.621" endtime="20221206 11:24:20.633"/>
</kw>
<kw name="Maximize Browser Window" library="SeleniumLibrary">
<doc>Maximizes current browser window.</doc>
<status status="PASS" starttime="20221206 11:24:20.633" endtime="20221206 11:24:20.737"/>
</kw>
<status status="PASS" starttime="20221206 11:24:19.116" endtime="20221206 11:24:20.737"/>
</kw>
<kw name="Redirect Unregistered User To Login" library="loginResource">
<msg timestamp="20221206 11:24:20.737" level="FAIL">User keyword 'Redirect Unregistered User To Login' contains no keywords.</msg>
<status status="FAIL" starttime="20221206 11:24:20.737" endtime="20221206 11:24:20.737"/>
</kw>
<kw name="Verify Login Page Contains" library="loginResource">
<status status="NOT RUN" starttime="20221206 11:24:20.738" endtime="20221206 11:24:20.738"/>
</kw>
<kw name="User Enter Unregistered Email Address" library="loginResource">
<status status="NOT RUN" starttime="20221206 11:24:20.738" endtime="20221206 11:24:20.738"/>
</kw>
<kw name="User Enter Invalid Email Address" library="loginResource">
<status status="NOT RUN" starttime="20221206 11:24:20.738" endtime="20221206 11:24:20.738"/>
</kw>
<kw name="User Enter Incorrect Email Address" library="loginResource">
<status status="NOT RUN" starttime="20221206 11:24:20.738" endtime="20221206 11:24:20.738"/>
</kw>
<kw name=" User Mask &amp; Unmask Password" library="loginResource">
<status status="NOT RUN" starttime="20221206 11:24:20.738" endtime="20221206 11:24:20.738"/>
</kw>
<kw name=" User Leave Input Field Blank" library="loginResource">
<status status="NOT RUN" starttime="20221206 11:24:20.738" endtime="20221206 11:24:20.738"/>
</kw>
<kw name=" User Enter Valid Email Address &amp; Incorrect Password" library="loginResource">
<status status="NOT RUN" starttime="20221206 11:24:20.738" endtime="20221206 11:24:20.738"/>
</kw>
<kw name="User Enter Valid Email Address &amp; Correct Password" library="loginResource">
<status status="NOT RUN" starttime="20221206 11:24:20.740" endtime="20221206 11:24:20.740"/>
</kw>
<kw name="Close Application" library="loginResource" type="TEARDOWN">
<kw name="Close Browser" library="SeleniumLibrary">
<doc>Closes the current browser.</doc>
<status status="PASS" starttime="20221206 11:24:20.743" endtime="20221206 11:24:20.815"/>
</kw>
<status status="PASS" starttime="20221206 11:24:20.743" endtime="20221206 11:24:20.816"/>
</kw>
<status status="FAIL" starttime="20221206 11:24:19.115" endtime="20221206 11:24:20.816">User keyword 'Redirect Unregistered User To Login' contains no keywords.</status>
</test>
<doc>A test suite for valid login</doc>
<status status="FAIL" starttime="20221206 11:24:19.022" endtime="20221206 11:24:20.817"/>
</suite>
<statistics>
<total>
<stat pass="0" fail="1" skip="0">All Tests</stat>
</total>
<tag>
</tag>
<suite>
<stat pass="0" fail="1" skip="0" id="s1" name="Login">Login</stat>
</suite>
</statistics>
<errors>
</errors>
</robot>
